<?xml version="1.0" encoding="UTF-8"?>
<testsuites name="jest tests" tests="17" failures="0" errors="0" time="2.757">
  <testsuite name="get" errors="0" failures="0" skipped="0" timestamp="2021-04-15T12:00:31" time="1.63" tests="3">
    <testcase classname="get Should get value" name="get Should get value" time="0.001">
    </testcase>
    <testcase classname="get Should return default" name="get Should return default" time="0">
    </testcase>
    <testcase classname="get Should return default" name="get Should return default" time="0">
    </testcase>
  </testsuite>
  <testsuite name="rpc" errors="0" failures="0" skipped="0" timestamp="2021-04-15T12:00:31" time="2.108" tests="14">
    <testcase classname="rpc Should get string value" name="rpc Should get string value" time="0.009">
    </testcase>
    <testcase classname="rpc Should get number values" name="rpc Should get number values" time="0.008">
    </testcase>
    <testcase classname="rpc Should get boolean values" name="rpc Should get boolean values" time="0.008">
    </testcase>
    <testcase classname="rpc Should get value from array" name="rpc Should get value from array" time="0.004">
    </testcase>
    <testcase classname="rpc Should get value from object" name="rpc Should get value from object" time="0.004">
    </testcase>
    <testcase classname="rpc Should run method" name="rpc Should run method" time="0.008">
    </testcase>
    <testcase classname="rpc Should run method with args" name="rpc Should run method with args" time="0.008">
    </testcase>
    <testcase classname="rpc Should get promise value (long)" name="rpc Should get promise value (long)" time="0.005">
    </testcase>
    <testcase classname="rpc Should get promise factory value (long)" name="rpc Should get promise factory value (long)" time="0.01">
    </testcase>
    <testcase classname="rpc Should get promise value (short)" name="rpc Should get promise value (short)" time="0.004">
    </testcase>
    <testcase classname="rpc Should get promise factory value (short)" name="rpc Should get promise factory value (short)" time="0.008">
    </testcase>
    <testcase classname="rpc Should run method that accepts callback" name="rpc Should run method that accepts callback" time="0.004">
    </testcase>
    <testcase classname="rpc Should send callback to subject of callback" name="rpc Should send callback to subject of callback" time="0.007">
    </testcase>
    <testcase classname="rpc Should dispose of callback" name="rpc Should dispose of callback" time="0.011">
    </testcase>
  </testsuite>
</testsuites>